# JRE version: OpenJDK Runtime Environment Temurin-21.0.12.1+1 (21.0.12.1+1) (build 21.0.12.1+1-LTS)
# Java VM: OpenJDK 64-Bit Server VM Temurin-21.0.12.1+1 (21.0.12.1+1-LTS, mixed mode, sharing, tiered, compressed oops, compressed class ptrs, parallel gc, windows-amd64)
GC Precious Log:
 CardTable entry size: 512
 CPUs: 4 total, 4 available
 Memory: 16287M
 Large Page Support: Disabled
 NUMA Support: Disabled
 Compressed Oops: Enabled (32-bit)
 Alignments: Space 512K, Generation 512K, Heap 2M
 Heap Min Capacity: 100M
 Heap Initial Capacity: 100M
 Heap Max Capacity: 2G
 Pre-touch: Disabled
 Parallel Workers: 4
Heap:
 PSYoungGen      total 15872K, used 7287K [0x00000000d5580000, 0x00000000d6d80000, 0x0000000100000000)
  eden space 13312K, 35% used [0x00000000d5580000,0x00000000d5a22d58,0x00000000d6280000)
  from space 2560K, 99% used [0x00000000d6700000,0x00000000d697b130,0x00000000d6980000)
  to   space 4608K, 0% used [0x00000000d6280000,0x00000000d6280000,0x00000000d6700000)
 ParOldGen       total 102912K, used 94812K [0x0000000080000000, 0x0000000086480000, 0x00000000d5580000)
  object space 102912K, 92% used [0x0000000080000000,0x0000000085c971c0,0x0000000086480000)
 Metaspace       used 63845K, committed 65600K, reserved 1114112K
  class space    used 7368K, committed 8192K, reserved 1048576K
GC Heap History (20 events):
Event: 117.187 GC heap before
{Heap before GC invocations=154 (full 3):
 PSYoungGen      total 16896K, used 16415K [0x00000000d5580000, 0x00000000d6880000, 0x0000000100000000)
  eden space 15360K, 99% used [0x00000000d5580000,0x00000000d647fff8,0x00000000d6480000)
  from space 1536K, 68% used [0x00000000d6700000,0x00000000d6808000,0x00000000d6880000)
  to   space 1536K, 0% used [0x00000000d6580000,0x00000000d6580000,0x00000000d6700000)
 ParOldGen       total 102912K, used 87089K [0x0000000080000000, 0x0000000086480000, 0x00000000d5580000)
  object space 102912K, 84% used [0x0000000080000000,0x000000008550c500,0x0000000086480000)
 Metaspace       used 63630K, committed 65408K, reserved 1114112K
  class space    used 7365K, committed 8192K, reserved 1048576K
}
Event: 117.192 GC heap after
{Heap after GC invocations=154 (full 3):
 PSYoungGen      total 16896K, used 1216K [0x00000000d5580000, 0x00000000d6780000, 0x0000000100000000)
  eden space 15360K, 0% used [0x00000000d5580000,0x00000000d5580000,0x00000000d6480000)
  from space 1536K, 79% used [0x00000000d6580000,0x00000000d66b0000,0x00000000d6700000)
  to   space 512K, 0% used [0x00000000d6700000,0x00000000d6700000,0x00000000d6780000)
 ParOldGen       total 102912K, used 87875K [0x0000000080000000, 0x0000000086480000, 0x00000000d5580000)
  object space 102912K, 85% used [0x0000000080000000,0x00000000855d0d38,0x0000000086480000)
 Metaspace       used 63630K, committed 65408K, reserved 1114112K
  class space    used 7365K, committed 8192K, reserved 1048576K
}
Event: 118.128 GC heap before
{Heap before GC invocations=155 (full 3):
 PSYoungGen      total 16896K, used 16576K [0x00000000d5580000, 0x00000000d6780000, 0x0000000100000000)
  eden space 15360K, 100% used [0x00000000d5580000,0x00000000d6480000,0x00000000d6480000)
  from space 1536K, 79% used [0x00000000d6580000,0x00000000d66b0000,0x00000000d6700000)
  to   space 512K, 0% used [0x00000000d6700000,0x00000000d6700000,0x00000000d6780000)
 ParOldGen       total 102912K, used 87875K [0x0000000080000000, 0x0000000086480000, 0x00000000d5580000)
  object space 102912K, 85% used [0x0000000080000000,0x00000000855d0d38,0x0000000086480000)
 Metaspace       used 63664K, committed 65472K, reserved 1114112K
  class space    used 7365K, committed 8192K, reserved 1048576K
}
Event: 118.130 GC heap after
{Heap after GC invocations=155 (full 3):
 PSYoungGen      total 15872K, used 512K [0x00000000d5580000, 0x00000000d6980000, 0x0000000100000000)
  eden space 15360K, 0% used [0x00000000d5580000,0x00000000d5580000,0x00000000d6480000)
  from space 512K, 100% used [0x00000000d6700000,0x00000000d6780000,0x00000000d6780000)
  to   space 2560K, 0% used [0x00000000d6480000,0x00000000d6480000,0x00000000d6700000)
 ParOldGen       total 102912K, used 89375K [0x0000000080000000, 0x0000000086480000, 0x00000000d5580000)
  object space 102912K, 86% used [0x0000000080000000,0x0000000085747cf0,0x0000000086480000)
 Metaspace       used 63664K, committed 65472K, reserved 1114112K
  class space    used 7365K, committed 8192K, reserved 1048576K
}
Event: 118.945 GC heap before
{Heap before GC invocations=156 (full 3):
 PSYoungGen      total 15872K, used 15872K [0x00000000d5580000, 0x00000000d6980000, 0x0000000100000000)
  eden space 15360K, 100% used [0x00000000d5580000,0x00000000d6480000,0x00000000d6480000)
  from space 512K, 100% used [0x00000000d6700000,0x00000000d6780000,0x00000000d6780000)
  to   space 2560K, 0% used [0x00000000d6480000,0x00000000d6480000,0x00000000d6700000)
 ParOldGen       total 102912K, used 89375K [0x0000000080000000, 0x0000000086480000, 0x00000000d5580000)
  object space 102912K, 86% used [0x0000000080000000,0x0000000085747cf0,0x0000000086480000)
 Metaspace       used 63700K, committed 65472K, reserved 1114112K
  class space    used 7365K, committed 8192K, reserved 1048576K
}
Event: 118.949 GC heap after
{Heap after GC invocations=156 (full 3):
 PSYoungGen      total 16384K, used 928K [0x00000000d5580000, 0x00000000d6780000, 0x0000000100000000)
  eden space 15360K, 0% used [0x00000000d5580000,0x00000000d5580000,0x00000000d6480000)
  from space 1024K, 90% used [0x00000000d6480000,0x00000000d6568000,0x00000000d6580000)
  to   space 1536K, 0% used [0x00000000d6600000,0x00000000d6600000,0x00000000d6780000)
 ParOldGen       total 102912K, used 89840K [0x0000000080000000, 0x0000000086480000, 0x00000000d5580000)
  object space 102912K, 87% used [0x0000000080000000,0x00000000857bc3a8,0x0000000086480000)
 Metaspace       used 63700K, committed 65472K, reserved 1114112K
  class space    used 7365K, committed 8192K, reserved 1048576K
}
Event: 119.788 GC heap before
{Heap before GC invocations=157 (full 3):
 PSYoungGen      total 16384K, used 16288K [0x00000000d5580000, 0x00000000d6780000, 0x0000000100000000)
  eden space 15360K, 100% used [0x00000000d5580000,0x00000000d6480000,0x00000000d6480000)
  from space 1024K, 90% used [0x00000000d6480000,0x00000000d6568000,0x00000000d6580000)
  to   space 1536K, 0% used [0x00000000d6600000,0x00000000d6600000,0x00000000d6780000)
 ParOldGen       total 102912K, used 89840K [0x0000000080000000, 0x0000000086480000, 0x00000000d5580000)
  object space 102912K, 87% used [0x0000000080000000,0x00000000857bc3a8,0x0000000086480000)
 Metaspace       used 63710K, committed 65472K, reserved 1114112K
  class space    used 7365K, committed 8192K, reserved 1048576K
}
Event: 119.791 GC heap after
{Heap after GC invocations=157 (full 3):
 PSYoungGen      total 16384K, used 864K [0x00000000d5580000, 0x00000000d6700000, 0x0000000100000000)
  eden space 15360K, 0% used [0x00000000d5580000,0x00000000d5580000,0x00000000d6480000)
  from space 1024K, 84% used [0x00000000d6600000,0x00000000d66d8000,0x00000000d6700000)
  to   space 1024K, 0% used [0x00000000d6480000,0x00000000d6480000,0x00000000d6580000)
 ParOldGen       total 102912K, used 90606K [0x0000000080000000, 0x0000000086480000, 0x00000000d5580000)
  object space 102912K, 88% used [0x0000000080000000,0x000000008587b920,0x0000000086480000)
 Metaspace       used 63710K, committed 65472K, reserved 1114112K
  class space    used 7365K, committed 8192K, reserved 1048576K
}
Event: 120.221 GC heap before
{Heap before GC invocations=158 (full 3):
 PSYoungGen      total 16384K, used 16224K [0x00000000d5580000, 0x00000000d6700000, 0x0000000100000000)
  eden space 15360K, 100% used [0x00000000d5580000,0x00000000d6480000,0x00000000d6480000)
  from space 1024K, 84% used [0x00000000d6600000,0x00000000d66d8000,0x00000000d6700000)
  to   space 1024K, 0% used [0x00000000d6480000,0x00000000d6480000,0x00000000d6580000)
 ParOldGen       total 102912K, used 90606K [0x0000000080000000, 0x0000000086480000, 0x00000000d5580000)
  object space 102912K, 88% used [0x0000000080000000,0x000000008587b920,0x0000000086480000)
 Metaspace       used 63738K, committed 65472K, reserved 1114112K
  class space    used 7365K, committed 8192K, reserved 1048576K
}
Event: 120.223 GC heap after
{Heap after GC invocations=158 (full 3):
 PSYoungGen      total 16384K, used 800K [0x00000000d5580000, 0x00000000d6680000, 0x0000000100000000)
  eden space 15360K, 0% used [0x00000000d5580000,0x00000000d5580000,0x00000000d6480000)
  from space 1024K, 78% used [0x00000000d6480000,0x00000000d6548000,0x00000000d6580000)
  to   space 1024K, 0% used [0x00000000d6580000,0x00000000d6580000,0x00000000d6680000)
 ParOldGen       total 102912K, used 91195K [0x0000000080000000, 0x0000000086480000, 0x00000000d5580000)
  object space 102912K, 88% used [0x0000000080000000,0x000000008590ee48,0x0000000086480000)
 Metaspace       used 63738K, committed 65472K, reserved 1114112K
  class space    used 7365K, committed 8192K, reserved 1048576K
}
Event: 120.449 GC heap before
{Heap before GC invocations=159 (full 3):
 PSYoungGen      total 16384K, used 16160K [0x00000000d5580000, 0x00000000d6680000, 0x0000000100000000)
  eden space 15360K, 100% used [0x00000000d5580000,0x00000000d6480000,0x00000000d6480000)
  from space 1024K, 78% used [0x00000000d6480000,0x00000000d6548000,0x00000000d6580000)
  to   space 1024K, 0% used [0x00000000d6580000,0x00000000d6580000,0x00000000d6680000)
 ParOldGen       total 102912K, used 91195K [0x0000000080000000, 0x0000000086480000, 0x00000000d5580000)
  object space 102912K, 88% used [0x0000000080000000,0x000000008590ee48,0x0000000086480000)
 Metaspace       used 63773K, committed 65536K, reserved 1114112K
  class space    used 7365K, committed 8192K, reserved 1048576K
}
Event: 120.451 GC heap after
{Heap after GC invocations=159 (full 3):
 PSYoungGen      total 16384K, used 512K [0x00000000d5580000, 0x00000000d6680000, 0x0000000100000000)
  eden space 15360K, 0% used [0x00000000d5580000,0x00000000d5580000,0x00000000d6480000)
  from space 1024K, 50% used [0x00000000d6580000,0x00000000d6600000,0x00000000d6680000)
  to   space 1024K, 0% used [0x00000000d6480000,0x00000000d6480000,0x00000000d6580000)
 ParOldGen       total 102912K, used 91825K [0x0000000080000000, 0x0000000086480000, 0x00000000d5580000)
  object space 102912K, 89% used [0x0000000080000000,0x00000000859ac520,0x0000000086480000)
 Metaspace       used 63773K, committed 65536K, reserved 1114112K
  class space    used 7365K, committed 8192K, reserved 1048576K
}
Event: 120.739 GC heap before
{Heap before GC invocations=160 (full 3):
 PSYoungGen      total 16384K, used 15871K [0x00000000d5580000, 0x00000000d6680000, 0x0000000100000000)
  eden space 15360K, 99% used [0x00000000d5580000,0x00000000d647fff0,0x00000000d6480000)
  from space 1024K, 50% used [0x00000000d6580000,0x00000000d6600000,0x00000000d6680000)
  to   space 1024K, 0% used [0x00000000d6480000,0x00000000d6480000,0x00000000d6580000)
 ParOldGen       total 102912K, used 91825K [0x0000000080000000, 0x0000000086480000, 0x00000000d5580000)
  object space 102912K, 89% used [0x0000000080000000,0x00000000859ac520,0x0000000086480000)
 Metaspace       used 63791K, committed 65536K, reserved 1114112K
  class space    used 7365K, committed 8192K, reserved 1048576K
}
Event: 120.741 GC heap after
{Heap after GC invocations=160 (full 3):
 PSYoungGen      total 16384K, used 496K [0x00000000d5580000, 0x00000000d6680000, 0x0000000100000000)
  eden space 15360K, 0% used [0x00000000d5580000,0x00000000d5580000,0x00000000d6480000)
  from space 1024K, 48% used [0x00000000d6480000,0x00000000d64fc030,0x00000000d6580000)
  to   space 1024K, 0% used [0x00000000d6580000,0x00000000d6580000,0x00000000d6680000)
 ParOldGen       total 102912K, used 92019K [0x0000000080000000, 0x0000000086480000, 0x00000000d5580000)
  object space 102912K, 89% used [0x0000000080000000,0x00000000859dcc98,0x0000000086480000)
 Metaspace       used 63791K, committed 65536K, reserved 1114112K
  class space    used 7365K, committed 8192K, reserved 1048576K
}
Event: 121.117 GC heap before
{Heap before GC invocations=161 (full 3):
 PSYoungGen      total 16384K, used 15856K [0x00000000d5580000, 0x00000000d6680000, 0x0000000100000000)
  eden space 15360K, 100% used [0x00000000d5580000,0x00000000d6480000,0x00000000d6480000)
  from space 1024K, 48% used [0x00000000d6480000,0x00000000d64fc030,0x00000000d6580000)
  to   space 1024K, 0% used [0x00000000d6580000,0x00000000d6580000,0x00000000d6680000)
 ParOldGen       total 102912K, used 92019K [0x0000000080000000, 0x0000000086480000, 0x00000000d5580000)
  object space 102912K, 89% used [0x0000000080000000,0x00000000859dcc98,0x0000000086480000)
 Metaspace       used 63813K, committed 65600K, reserved 1114112K
  class space    used 7368K, committed 8192K, reserved 1048576K
}
Event: 121.118 GC heap after
{Heap after GC invocations=161 (full 3):
 PSYoungGen      total 16384K, used 864K [0x00000000d5580000, 0x00000000d6680000, 0x0000000100000000)
  eden space 15360K, 0% used [0x00000000d5580000,0x00000000d5580000,0x00000000d6480000)
  from space 1024K, 84% used [0x00000000d6580000,0x00000000d6658000,0x00000000d6680000)
  to   space 1024K, 0% used [0x00000000d6480000,0x00000000d6480000,0x00000000d6580000)
 ParOldGen       total 102912K, used 92371K [0x0000000080000000, 0x0000000086480000, 0x00000000d5580000)
  object space 102912K, 89% used [0x0000000080000000,0x0000000085a34d98,0x0000000086480000)
 Metaspace       used 63813K, committed 65600K, reserved 1114112K
  class space    used 7368K, committed 8192K, reserved 1048576K
}
Event: 121.253 GC heap before
{Heap before GC invocations=162 (full 3):
 PSYoungGen      total 16384K, used 15738K [0x00000000d5580000, 0x00000000d6680000, 0x0000000100000000)
  eden space 15360K, 96% used [0x00000000d5580000,0x00000000d6406b70,0x00000000d6480000)
  from space 1024K, 84% used [0x00000000d6580000,0x00000000d6658000,0x00000000d6680000)
  to   space 1024K, 0% used [0x00000000d6480000,0x00000000d6480000,0x00000000d6580000)
 ParOldGen       total 102912K, used 92371K [0x0000000080000000, 0x0000000086480000, 0x00000000d5580000)
  object space 102912K, 89% used [0x0000000080000000,0x0000000085a34d98,0x0000000086480000)
 Metaspace       used 63835K, committed 65600K, reserved 1114112K
  class space    used 7368K, committed 8192K, reserved 1048576K
}
Event: 121.254 GC heap after
{Heap after GC invocations=162 (full 3):
 PSYoungGen      total 16384K, used 992K [0x00000000d5580000, 0x00000000d6980000, 0x0000000100000000)
  eden space 15360K, 0% used [0x00000000d5580000,0x00000000d5580000,0x00000000d6480000)
  from space 1024K, 96% used [0x00000000d6480000,0x00000000d6578320,0x00000000d6580000)
  to   space 2560K, 0% used [0x00000000d6700000,0x00000000d6700000,0x00000000d6980000)
 ParOldGen       total 102912K, used 93496K [0x0000000080000000, 0x0000000086480000, 0x00000000d5580000)
  object space 102912K, 90% used [0x0000000080000000,0x0000000085b4e190,0x0000000086480000)
 Metaspace       used 63835K, committed 65600K, reserved 1114112K
  class space    used 7368K, committed 8192K, reserved 1048576K
}
Event: 121.375 GC heap before
{Heap before GC invocations=163 (full 3):
 PSYoungGen      total 16384K, used 16352K [0x00000000d5580000, 0x00000000d6980000, 0x0000000100000000)
  eden space 15360K, 100% used [0x00000000d5580000,0x00000000d6480000,0x00000000d6480000)
  from space 1024K, 96% used [0x00000000d6480000,0x00000000d6578320,0x00000000d6580000)
  to   space 2560K, 0% used [0x00000000d6700000,0x00000000d6700000,0x00000000d6980000)
 ParOldGen       total 102912K, used 93496K [0x0000000080000000, 0x0000000086480000, 0x00000000d5580000)
  object space 102912K, 90% used [0x0000000080000000,0x0000000085b4e190,0x0000000086480000)
 Metaspace       used 63845K, committed 65600K, reserved 1114112K
  class space    used 7368K, committed 8192K, reserved 1048576K
}
Event: 121.379 GC heap after
{Heap after GC invocations=163 (full 3):
 PSYoungGen      total 15872K, used 2540K [0x00000000d5580000, 0x00000000d6d80000, 0x0000000100000000)
  eden space 13312K, 0% used [0x00000000d5580000,0x00000000d5580000,0x00000000d6280000)
  from space 2560K, 99% used [0x00000000d6700000,0x00000000d697b130,0x00000000d6980000)
  to   space 4608K, 0% used [0x00000000d6280000,0x00000000d6280000,0x00000000d6700000)
 ParOldGen       total 102912K, used 94812K [0x0000000080000000, 0x0000000086480000, 0x00000000d5580000)
  object space 102912K, 92% used [0x0000000080000000,0x0000000085c971c0,0x0000000086480000)
 Metaspace       used 63845K, committed 65600K, reserved 1114112K
  class space    used 7368K, committed 8192K, reserved 1048576K
}

