# JRE version: OpenJDK Runtime Environment Temurin-21.0.12.1+1 (21.0.12.1+1) (build 21.0.12.1+1-LTS)
# Java VM: OpenJDK 64-Bit Server VM Temurin-21.0.12.1+1 (21.0.12.1+1-LTS, mixed mode, sharing, tiered, compressed oops, compressed class ptrs, parallel gc, windows-amd64)
GC Precious Log:
 CardTable entry size: 512
 CPUs: 4 total, 4 available
 Memory: 16287M
 Large Page Support: Disabled
 NUMA Support: Disabled
 Compressed Oops: Enabled (32-bit)
 Alignments: Space 512K, Generation 512K, Heap 2M
 Heap Min Capacity: 100M
 Heap Initial Capacity: 100M
 Heap Max Capacity: 2G
 Pre-touch: Disabled
 Parallel Workers: 4
Heap:
 PSYoungGen      total 12288K, used 10333K [0x00000000d5580000, 0x00000000d6400000, 0x0000000100000000)
  eden space 11264K, 85% used [0x00000000d5580000,0x00000000d5edfed0,0x00000000d6080000)
  from space 1024K, 71% used [0x00000000d6300000,0x00000000d63b7698,0x00000000d6400000)
  to   space 1536K, 0% used [0x00000000d6100000,0x00000000d6100000,0x00000000d6280000)
 ParOldGen       total 106496K, used 106246K [0x0000000080000000, 0x0000000086800000, 0x00000000d5580000)
  object space 106496K, 99% used [0x0000000080000000,0x00000000867c1908,0x0000000086800000)
 Metaspace       used 67573K, committed 68992K, reserved 1114112K
  class space    used 7735K, committed 8384K, reserved 1048576K
GC Heap History (20 events):
Event: 59.368 GC heap before
{Heap before GC invocations=114 (full 3):
 PSYoungGen      total 16384K, used 15872K [0x00000000d5580000, 0x00000000d6800000, 0x0000000100000000)
  eden space 15360K, 100% used [0x00000000d5580000,0x00000000d6480000,0x00000000d6480000)
  from space 1024K, 50% used [0x00000000d6700000,0x00000000d6780020,0x00000000d6800000)
  to   space 1024K, 0% used [0x00000000d6480000,0x00000000d6480000,0x00000000d6580000)
 ParOldGen       total 100352K, used 99867K [0x0000000080000000, 0x0000000086200000, 0x00000000d5580000)
  object space 100352K, 99% used [0x0000000080000000,0x0000000086186e70,0x0000000086200000)
 Metaspace       used 67245K, committed 68736K, reserved 1114112K
  class space    used 7727K, committed 8384K, reserved 1048576K
}
Event: 59.370 GC heap after
{Heap after GC invocations=114 (full 3):
 PSYoungGen      total 16384K, used 576K [0x00000000d5580000, 0x00000000d6780000, 0x0000000100000000)
  eden space 15360K, 0% used [0x00000000d5580000,0x00000000d5580000,0x00000000d6480000)
  from space 1024K, 56% used [0x00000000d6480000,0x00000000d6510000,0x00000000d6580000)
  to   space 1024K, 0% used [0x00000000d6680000,0x00000000d6680000,0x00000000d6780000)
 ParOldGen       total 100352K, used 100077K [0x0000000080000000, 0x0000000086200000, 0x00000000d5580000)
  object space 100352K, 99% used [0x0000000080000000,0x00000000861bb5c8,0x0000000086200000)
 Metaspace       used 67245K, committed 68736K, reserved 1114112K
  class space    used 7727K, committed 8384K, reserved 1048576K
}
Event: 60.319 GC heap before
{Heap before GC invocations=115 (full 3):
 PSYoungGen      total 16384K, used 15936K [0x00000000d5580000, 0x00000000d6780000, 0x0000000100000000)
  eden space 15360K, 100% used [0x00000000d5580000,0x00000000d6480000,0x00000000d6480000)
  from space 1024K, 56% used [0x00000000d6480000,0x00000000d6510000,0x00000000d6580000)
  to   space 1024K, 0% used [0x00000000d6680000,0x00000000d6680000,0x00000000d6780000)
 ParOldGen       total 100352K, used 100077K [0x0000000080000000, 0x0000000086200000, 0x00000000d5580000)
  object space 100352K, 99% used [0x0000000080000000,0x00000000861bb5c8,0x0000000086200000)
 Metaspace       used 67300K, committed 68736K, reserved 1114112K
  class space    used 7731K, committed 8384K, reserved 1048576K
}
Event: 60.321 GC heap after
{Heap after GC invocations=115 (full 3):
 PSYoungGen      total 16384K, used 944K [0x00000000d5580000, 0x00000000d6780000, 0x0000000100000000)
  eden space 15360K, 0% used [0x00000000d5580000,0x00000000d5580000,0x00000000d6480000)
  from space 1024K, 92% used [0x00000000d6680000,0x00000000d676c010,0x00000000d6780000)
  to   space 1024K, 0% used [0x00000000d6480000,0x00000000d6480000,0x00000000d6580000)
 ParOldGen       total 100864K, used 100397K [0x0000000080000000, 0x0000000086280000, 0x00000000d5580000)
  object space 100864K, 99% used [0x0000000080000000,0x000000008620b488,0x0000000086280000)
 Metaspace       used 67300K, committed 68736K, reserved 1114112K
  class space    used 7731K, committed 8384K, reserved 1048576K
}
Event: 60.963 GC heap before
{Heap before GC invocations=116 (full 3):
 PSYoungGen      total 16384K, used 16303K [0x00000000d5580000, 0x00000000d6780000, 0x0000000100000000)
  eden space 15360K, 99% used [0x00000000d5580000,0x00000000d647ffe0,0x00000000d6480000)
  from space 1024K, 92% used [0x00000000d6680000,0x00000000d676c010,0x00000000d6780000)
  to   space 1024K, 0% used [0x00000000d6480000,0x00000000d6480000,0x00000000d6580000)
 ParOldGen       total 100864K, used 100397K [0x0000000080000000, 0x0000000086280000, 0x00000000d5580000)
  object space 100864K, 99% used [0x0000000080000000,0x000000008620b488,0x0000000086280000)
 Metaspace       used 67379K, committed 68864K, reserved 1114112K
  class space    used 7731K, committed 8384K, reserved 1048576K
}
Event: 60.965 GC heap after
{Heap after GC invocations=116 (full 3):
 PSYoungGen      total 16384K, used 864K [0x00000000d5580000, 0x00000000d6700000, 0x0000000100000000)
  eden space 15360K, 0% used [0x00000000d5580000,0x00000000d5580000,0x00000000d6480000)
  from space 1024K, 84% used [0x00000000d6480000,0x00000000d6558000,0x00000000d6580000)
  to   space 1024K, 0% used [0x00000000d6600000,0x00000000d6600000,0x00000000d6700000)
 ParOldGen       total 101376K, used 100934K [0x0000000080000000, 0x0000000086300000, 0x00000000d5580000)
  object space 101376K, 99% used [0x0000000080000000,0x0000000086291940,0x0000000086300000)
 Metaspace       used 67379K, committed 68864K, reserved 1114112K
  class space    used 7731K, committed 8384K, reserved 1048576K
}
Event: 61.235 GC heap before
{Heap before GC invocations=117 (full 3):
 PSYoungGen      total 16384K, used 16224K [0x00000000d5580000, 0x00000000d6700000, 0x0000000100000000)
  eden space 15360K, 100% used [0x00000000d5580000,0x00000000d6480000,0x00000000d6480000)
  from space 1024K, 84% used [0x00000000d6480000,0x00000000d6558000,0x00000000d6580000)
  to   space 1024K, 0% used [0x00000000d6600000,0x00000000d6600000,0x00000000d6700000)
 ParOldGen       total 101376K, used 100934K [0x0000000080000000, 0x0000000086300000, 0x00000000d5580000)
  object space 101376K, 99% used [0x0000000080000000,0x0000000086291940,0x0000000086300000)
 Metaspace       used 67418K, committed 68864K, reserved 1114112K
  class space    used 7733K, committed 8384K, reserved 1048576K
}
Event: 61.237 GC heap after
{Heap after GC invocations=117 (full 3):
 PSYoungGen      total 16384K, used 800K [0x00000000d5580000, 0x00000000d6700000, 0x0000000100000000)
  eden space 15360K, 0% used [0x00000000d5580000,0x00000000d5580000,0x00000000d6480000)
  from space 1024K, 78% used [0x00000000d6600000,0x00000000d66c8020,0x00000000d6700000)
  to   space 1024K, 0% used [0x00000000d6480000,0x00000000d6480000,0x00000000d6580000)
 ParOldGen       total 101888K, used 101720K [0x0000000080000000, 0x0000000086380000, 0x00000000d5580000)
  object space 101888K, 99% used [0x0000000080000000,0x00000000863563b0,0x0000000086380000)
 Metaspace       used 67418K, committed 68864K, reserved 1114112K
  class space    used 7733K, committed 8384K, reserved 1048576K
}
Event: 61.400 GC heap before
{Heap before GC invocations=118 (full 3):
 PSYoungGen      total 16384K, used 16160K [0x00000000d5580000, 0x00000000d6700000, 0x0000000100000000)
  eden space 15360K, 100% used [0x00000000d5580000,0x00000000d6480000,0x00000000d6480000)
  from space 1024K, 78% used [0x00000000d6600000,0x00000000d66c8020,0x00000000d6700000)
  to   space 1024K, 0% used [0x00000000d6480000,0x00000000d6480000,0x00000000d6580000)
 ParOldGen       total 101888K, used 101720K [0x0000000080000000, 0x0000000086380000, 0x00000000d5580000)
  object space 101888K, 99% used [0x0000000080000000,0x00000000863563b0,0x0000000086380000)
 Metaspace       used 67439K, committed 68864K, reserved 1114112K
  class space    used 7733K, committed 8384K, reserved 1048576K
}
Event: 61.402 GC heap after
{Heap after GC invocations=118 (full 3):
 PSYoungGen      total 16384K, used 544K [0x00000000d5580000, 0x00000000d6680000, 0x0000000100000000)
  eden space 15360K, 0% used [0x00000000d5580000,0x00000000d5580000,0x00000000d6480000)
  from space 1024K, 53% used [0x00000000d6480000,0x00000000d6508000,0x00000000d6580000)
  to   space 1024K, 0% used [0x00000000d6580000,0x00000000d6580000,0x00000000d6680000)
 ParOldGen       total 102400K, used 102114K [0x0000000080000000, 0x0000000086400000, 0x00000000d5580000)
  object space 102400K, 99% used [0x0000000080000000,0x00000000863b8bc8,0x0000000086400000)
 Metaspace       used 67439K, committed 68864K, reserved 1114112K
  class space    used 7733K, committed 8384K, reserved 1048576K
}
Event: 61.725 GC heap before
{Heap before GC invocations=119 (full 3):
 PSYoungGen      total 16384K, used 15904K [0x00000000d5580000, 0x00000000d6680000, 0x0000000100000000)
  eden space 15360K, 100% used [0x00000000d5580000,0x00000000d6480000,0x00000000d6480000)
  from space 1024K, 53% used [0x00000000d6480000,0x00000000d6508000,0x00000000d6580000)
  to   space 1024K, 0% used [0x00000000d6580000,0x00000000d6580000,0x00000000d6680000)
 ParOldGen       total 102400K, used 102114K [0x0000000080000000, 0x0000000086400000, 0x00000000d5580000)
  object space 102400K, 99% used [0x0000000080000000,0x00000000863b8bc8,0x0000000086400000)
 Metaspace       used 67458K, committed 68928K, reserved 1114112K
  class space    used 7733K, committed 8384K, reserved 1048576K
}
Event: 61.727 GC heap after
{Heap after GC invocations=119 (full 3):
 PSYoungGen      total 15872K, used 1019K [0x00000000d5580000, 0x00000000d6780000, 0x0000000100000000)
  eden space 14848K, 0% used [0x00000000d5580000,0x00000000d5580000,0x00000000d6400000)
  from space 1024K, 99% used [0x00000000d6580000,0x00000000d667ef58,0x00000000d6680000)
  to   space 1536K, 0% used [0x00000000d6400000,0x00000000d6400000,0x00000000d6580000)
 ParOldGen       total 102912K, used 102474K [0x0000000080000000, 0x0000000086480000, 0x00000000d5580000)
  object space 102912K, 99% used [0x0000000080000000,0x0000000086412ad8,0x0000000086480000)
 Metaspace       used 67458K, committed 68928K, reserved 1114112K
  class space    used 7733K, committed 8384K, reserved 1048576K
}
Event: 62.005 GC heap before
{Heap before GC invocations=120 (full 3):
 PSYoungGen      total 15872K, used 15867K [0x00000000d5580000, 0x00000000d6780000, 0x0000000100000000)
  eden space 14848K, 99% used [0x00000000d5580000,0x00000000d63ffff8,0x00000000d6400000)
  from space 1024K, 99% used [0x00000000d6580000,0x00000000d667ef58,0x00000000d6680000)
  to   space 1536K, 0% used [0x00000000d6400000,0x00000000d6400000,0x00000000d6580000)
 ParOldGen       total 102912K, used 102474K [0x0000000080000000, 0x0000000086480000, 0x00000000d5580000)
  object space 102912K, 99% used [0x0000000080000000,0x0000000086412ad8,0x0000000086480000)
 Metaspace       used 67485K, committed 68992K, reserved 1114112K
  class space    used 7733K, committed 8384K, reserved 1048576K
}
Event: 62.007 GC heap after
{Heap after GC invocations=120 (full 3):
 PSYoungGen      total 15360K, used 384K [0x00000000d5580000, 0x00000000d6600000, 0x0000000100000000)
  eden space 14848K, 0% used [0x00000000d5580000,0x00000000d5580000,0x00000000d6400000)
  from space 512K, 75% used [0x00000000d6400000,0x00000000d6460020,0x00000000d6480000)
  to   space 1024K, 0% used [0x00000000d6500000,0x00000000d6500000,0x00000000d6600000)
 ParOldGen       total 102912K, used 102772K [0x0000000080000000, 0x0000000086480000, 0x00000000d5580000)
  object space 102912K, 99% used [0x0000000080000000,0x000000008645d280,0x0000000086480000)
 Metaspace       used 67485K, committed 68992K, reserved 1114112K
  class space    used 7733K, committed 8384K, reserved 1048576K
}
Event: 62.136 GC heap before
{Heap before GC invocations=121 (full 3):
 PSYoungGen      total 15360K, used 15232K [0x00000000d5580000, 0x00000000d6600000, 0x0000000100000000)
  eden space 14848K, 100% used [0x00000000d5580000,0x00000000d6400000,0x00000000d6400000)
  from space 512K, 75% used [0x00000000d6400000,0x00000000d6460020,0x00000000d6480000)
  to   space 1024K, 0% used [0x00000000d6500000,0x00000000d6500000,0x00000000d6600000)
 ParOldGen       total 102912K, used 102772K [0x0000000080000000, 0x0000000086480000, 0x00000000d5580000)
  object space 102912K, 99% used [0x0000000080000000,0x000000008645d280,0x0000000086480000)
 Metaspace       used 67498K, committed 68992K, reserved 1114112K
  class space    used 7733K, committed 8384K, reserved 1048576K
}
Event: 62.140 GC heap after
{Heap after GC invocations=121 (full 3):
 PSYoungGen      total 12288K, used 1004K [0x00000000d5580000, 0x00000000d6d00000, 0x0000000100000000)
  eden space 11264K, 0% used [0x00000000d5580000,0x00000000d5580000,0x00000000d6080000)
  from space 1024K, 98% used [0x00000000d6500000,0x00000000d65fb130,0x00000000d6600000)
  to   space 4608K, 0% used [0x00000000d6080000,0x00000000d6080000,0x00000000d6500000)
 ParOldGen       total 105984K, used 105714K [0x0000000080000000, 0x0000000086780000, 0x00000000d5580000)
  object space 105984K, 99% used [0x0000000080000000,0x000000008673ca08,0x0000000086780000)
 Metaspace       used 67498K, committed 68992K, reserved 1114112K
  class space    used 7733K, committed 8384K, reserved 1048576K
}
Event: 62.509 GC heap before
{Heap before GC invocations=122 (full 3):
 PSYoungGen      total 12288K, used 12164K [0x00000000d5580000, 0x00000000d6d00000, 0x0000000100000000)
  eden space 11264K, 99% used [0x00000000d5580000,0x00000000d60662a8,0x00000000d6080000)
  from space 1024K, 98% used [0x00000000d6500000,0x00000000d65fb130,0x00000000d6600000)
  to   space 4608K, 0% used [0x00000000d6080000,0x00000000d6080000,0x00000000d6500000)
 ParOldGen       total 105984K, used 105714K [0x0000000080000000, 0x0000000086780000, 0x00000000d5580000)
  object space 105984K, 99% used [0x0000000080000000,0x000000008673ca08,0x0000000086780000)
 Metaspace       used 67537K, committed 68992K, reserved 1114112K
  class space    used 7734K, committed 8384K, reserved 1048576K
}
Event: 62.511 GC heap after
{Heap after GC invocations=122 (full 3):
 PSYoungGen      total 12800K, used 1404K [0x00000000d5580000, 0x00000000d6580000, 0x0000000100000000)
  eden space 11264K, 0% used [0x00000000d5580000,0x00000000d5580000,0x00000000d6080000)
  from space 1536K, 91% used [0x00000000d6080000,0x00000000d61df048,0x00000000d6200000)
  to   space 2560K, 0% used [0x00000000d6300000,0x00000000d6300000,0x00000000d6580000)
 ParOldGen       total 105984K, used 105940K [0x0000000080000000, 0x0000000086780000, 0x00000000d5580000)
  object space 105984K, 99% used [0x0000000080000000,0x0000000086775160,0x0000000086780000)
 Metaspace       used 67537K, committed 68992K, reserved 1114112K
  class space    used 7734K, committed 8384K, reserved 1048576K
}
Event: 62.584 GC heap before
{Heap before GC invocations=123 (full 3):
 PSYoungGen      total 12800K, used 12668K [0x00000000d5580000, 0x00000000d6580000, 0x0000000100000000)
  eden space 11264K, 99% used [0x00000000d5580000,0x00000000d607fff8,0x00000000d6080000)
  from space 1536K, 91% used [0x00000000d6080000,0x00000000d61df048,0x00000000d6200000)
  to   space 2560K, 0% used [0x00000000d6300000,0x00000000d6300000,0x00000000d6580000)
 ParOldGen       total 105984K, used 105940K [0x0000000080000000, 0x0000000086780000, 0x00000000d5580000)
  object space 105984K, 99% used [0x0000000080000000,0x0000000086775160,0x0000000086780000)
 Metaspace       used 67562K, committed 68992K, reserved 1114112K
  class space    used 7735K, committed 8384K, reserved 1048576K
}
Event: 62.586 GC heap after
{Heap after GC invocations=123 (full 3):
 PSYoungGen      total 12288K, used 733K [0x00000000d5580000, 0x00000000d6400000, 0x0000000100000000)
  eden space 11264K, 0% used [0x00000000d5580000,0x00000000d5580000,0x00000000d6080000)
  from space 1024K, 71% used [0x00000000d6300000,0x00000000d63b7698,0x00000000d6400000)
  to   space 1536K, 0% used [0x00000000d6100000,0x00000000d6100000,0x00000000d6280000)
 ParOldGen       total 106496K, used 106246K [0x0000000080000000, 0x0000000086800000, 0x00000000d5580000)
  object space 106496K, 99% used [0x0000000080000000,0x00000000867c1908,0x0000000086800000)
 Metaspace       used 67562K, committed 68992K, reserved 1114112K
  class space    used 7735K, committed 8384K, reserved 1048576K
}

